<?xml version="1.0" encoding="UTF-8"?>
<coverage generated="1764946090727" clover="3.2.0">
  <project timestamp="1764946090727" name="All files">
    <metrics statements="20" coveredstatements="16" conditionals="14" coveredconditionals="10" methods="4" coveredmethods="3" elements="38" coveredelements="29" complexity="0" loc="20" ncloc="20" packages="2" files="3" classes="3"/>
    <package name="src">
      <metrics statements="17" coveredstatements="16" conditionals="14" coveredconditionals="10" methods="3" coveredmethods="3"/>
      <file name="createCards.js" path="/Volumes/hd_externo/Projetos/Personal/basic/unit-testing/src/createCards.js">
        <metrics statements="10" coveredstatements="9" conditionals="12" coveredconditionals="8" methods="1" coveredmethods="1"/>
        <line num="2" count="3" type="cond" truecount="3" falsecount="1"/>
        <line num="3" count="3" type="cond" truecount="3" falsecount="1"/>
        <line num="4" count="0" type="stmt"/>
        <line num="5" count="3" type="cond" truecount="1" falsecount="1"/>
        <line num="6" count="3" type="cond" truecount="1" falsecount="1"/>
        <line num="8" count="3" type="stmt"/>
        <line num="10" count="3" type="stmt"/>
        <line num="11" count="12" type="stmt"/>
        <line num="12" count="156" type="stmt"/>
        <line num="16" count="3" type="stmt"/>
      </file>
      <file name="deal.js" path="/Volumes/hd_externo/Projetos/Personal/basic/unit-testing/src/deal.js">
        <metrics statements="7" coveredstatements="7" conditionals="2" coveredconditionals="2" methods="2" coveredmethods="2"/>
        <line num="4" count="21" type="stmt"/>
        <line num="6" count="4" type="stmt"/>
        <line num="7" count="10" type="stmt"/>
        <line num="8" count="40" type="cond" truecount="2" falsecount="0"/>
        <line num="9" count="39" type="stmt"/>
        <line num="12" count="9" type="stmt"/>
        <line num="15" count="3" type="stmt"/>
      </file>
    </package>
    <package name="src.helpers">
      <metrics statements="3" coveredstatements="0" conditionals="0" coveredconditionals="0" methods="1" coveredmethods="0"/>
      <file name="loggers.js" path="/Volumes/hd_externo/Projetos/Personal/basic/unit-testing/src/helpers/loggers.js">
        <metrics statements="3" coveredstatements="0" conditionals="0" coveredconditionals="0" methods="1" coveredmethods="0"/>
        <line num="2" count="0" type="stmt"/>
        <line num="3" count="0" type="stmt"/>
        <line num="4" count="0" type="stmt"/>
      </file>
    </package>
  </project>
</coverage>
