{"/Volumes/hd_externo/Projetos/Personal/basic/unit-testing/src/createCards.js": {"path":"/Volumes/hd_externo/Projetos/Personal/basic/unit-testing/src/createCards.js","statementMap":{"0":{"start":{"line":2,"column":4},"end":{"line":2,"column":null}},"1":{"start":{"line":2,"column":57},"end":{"line":2,"column":null}},"2":{"start":{"line":3,"column":4},"end":{"line":4,"column":null}},"3":{"start":{"line":4,"column":8},"end":{"line":4,"column":null}},"4":{"start":{"line":5,"column":16},"end":{"line":5,"column":18}},"5":{"start":{"line":6,"column":4},"end":{"line":10,"column":null}},"6":{"start":{"line":7,"column":8},"end":{"line":9,"column":null}},"7":{"start":{"line":8,"column":12},"end":{"line":8,"column":null}},"8":{"start":{"line":11,"column":4},"end":{"line":11,"column":null}}},"fnMap":{"0":{"name":"createCards","decl":{"start":{"line":1,"column":16},"end":{"line":1,"column":27}},"loc":{"start":{"line":1,"column":47},"end":{"line":12,"column":null}},"line":1}},"branchMap":{"0":{"loc":{"start":{"line":2,"column":4},"end":{"line":2,"column":null}},"type":"if","locations":[{"start":{"line":2,"column":4},"end":{"line":2,"column":null}},{"start":{},"end":{}}],"line":2},"1":{"loc":{"start":{"line":2,"column":8},"end":{"line":2,"column":55}},"type":"binary-expr","locations":[{"start":{"line":2,"column":8},"end":{"line":2,"column":29}},{"start":{"line":2,"column":33},"end":{"line":2,"column":55}}],"line":2},"2":{"loc":{"start":{"line":3,"column":4},"end":{"line":4,"column":null}},"type":"if","locations":[{"start":{"line":3,"column":4},"end":{"line":4,"column":null}},{"start":{},"end":{}}],"line":3},"3":{"loc":{"start":{"line":3,"column":8},"end":{"line":3,"column":50}},"type":"binary-expr","locations":[{"start":{"line":3,"column":8},"end":{"line":3,"column":26}},{"start":{"line":3,"column":30},"end":{"line":3,"column":50}}],"line":3}},"s":{"0":8,"1":2,"2":6,"3":2,"4":4,"5":4,"6":16,"7":208,"8":4},"f":{"0":8},"b":{"0":[2,6],"1":[8,7],"2":[2,4],"3":[6,5]},"meta":{"lastBranch":4,"lastFunction":1,"lastStatement":9,"seen":{"f:1:16:1:27":0,"b:2:4:2:Infinity:undefined:undefined:undefined:undefined":0,"s:2:4:2:Infinity":0,"b:2:8:2:29:2:33:2:55":1,"s:2:57:2:Infinity":1,"b:3:4:4:Infinity:undefined:undefined:undefined:undefined":2,"s:3:4:4:Infinity":2,"b:3:8:3:26:3:30:3:50":3,"s:4:8:4:Infinity":3,"s:5:16:5:18":4,"s:6:4:10:Infinity":5,"s:7:8:9:Infinity":6,"s:8:12:8:Infinity":7,"s:11:4:11:Infinity":8}}}
}
