{"/Volumes/hd_externo/Projetos/Personal/basic/unit-testing/src/examples.js": {"path":"/Volumes/hd_externo/Projetos/Personal/basic/unit-testing/src/examples.js","statementMap":{"0":{"start":{"line":2,"column":4},"end":{"line":2,"column":null}},"1":{"start":{"line":2,"column":49},"end":{"line":2,"column":null}},"2":{"start":{"line":3,"column":4},"end":{"line":3,"column":null}},"3":{"start":{"line":7,"column":4},"end":{"line":7,"column":null}},"4":{"start":{"line":7,"column":33},"end":{"line":7,"column":null}},"5":{"start":{"line":8,"column":4},"end":{"line":8,"column":null}},"6":{"start":{"line":8,"column":32},"end":{"line":8,"column":null}},"7":{"start":{"line":9,"column":4},"end":{"line":9,"column":null}},"8":{"start":{"line":9,"column":18},"end":{"line":9,"column":null}},"9":{"start":{"line":10,"column":4},"end":{"line":12,"column":null}},"10":{"start":{"line":10,"column":17},"end":{"line":10,"column":18}},"11":{"start":{"line":11,"column":8},"end":{"line":11,"column":null}},"12":{"start":{"line":11,"column":27},"end":{"line":11,"column":null}},"13":{"start":{"line":13,"column":4},"end":{"line":13,"column":null}},"14":{"start":{"line":17,"column":4},"end":{"line":17,"column":null}},"15":{"start":{"line":17,"column":36},"end":{"line":17,"column":null}},"16":{"start":{"line":18,"column":4},"end":{"line":18,"column":null}},"17":{"start":{"line":18,"column":36},"end":{"line":18,"column":null}},"18":{"start":{"line":19,"column":4},"end":{"line":19,"column":null}},"19":{"start":{"line":19,"column":21},"end":{"line":19,"column":null}},"20":{"start":{"line":20,"column":4},"end":{"line":20,"column":null}},"21":{"start":{"line":20,"column":35},"end":{"line":20,"column":null}},"22":{"start":{"line":21,"column":4},"end":{"line":21,"column":null}},"23":{"start":{"line":21,"column":21},"end":{"line":21,"column":null}},"24":{"start":{"line":22,"column":4},"end":{"line":22,"column":null}},"25":{"start":{"line":22,"column":21},"end":{"line":22,"column":null}},"26":{"start":{"line":23,"column":4},"end":{"line":23,"column":null}},"27":{"start":{"line":23,"column":22},"end":{"line":23,"column":null}},"28":{"start":{"line":24,"column":4},"end":{"line":24,"column":null}}},"fnMap":{"0":{"name":"longestString","decl":{"start":{"line":1,"column":16},"end":{"line":1,"column":29}},"loc":{"start":{"line":1,"column":42},"end":{"line":4,"column":null}},"line":1},"1":{"name":"isPrime","decl":{"start":{"line":6,"column":16},"end":{"line":6,"column":23}},"loc":{"start":{"line":6,"column":29},"end":{"line":14,"column":null}},"line":6},"2":{"name":"shippingCost","decl":{"start":{"line":16,"column":16},"end":{"line":16,"column":28}},"loc":{"start":{"line":16,"column":50},"end":{"line":25,"column":null}},"line":16}},"branchMap":{"0":{"loc":{"start":{"line":2,"column":4},"end":{"line":2,"column":null}},"type":"if","locations":[{"start":{"line":2,"column":4},"end":{"line":2,"column":null}},{"start":{},"end":{}}],"line":2},"1":{"loc":{"start":{"line":7,"column":4},"end":{"line":7,"column":null}},"type":"if","locations":[{"start":{"line":7,"column":4},"end":{"line":7,"column":null}},{"start":{},"end":{}}],"line":7},"2":{"loc":{"start":{"line":8,"column":4},"end":{"line":8,"column":null}},"type":"if","locations":[{"start":{"line":8,"column":4},"end":{"line":8,"column":null}},{"start":{},"end":{}}],"line":8},"3":{"loc":{"start":{"line":9,"column":4},"end":{"line":9,"column":null}},"type":"if","locations":[{"start":{"line":9,"column":4},"end":{"line":9,"column":null}},{"start":{},"end":{}}],"line":9},"4":{"loc":{"start":{"line":11,"column":8},"end":{"line":11,"column":null}},"type":"if","locations":[{"start":{"line":11,"column":8},"end":{"line":11,"column":null}},{"start":{},"end":{}}],"line":11},"5":{"loc":{"start":{"line":16,"column":37},"end":{"line":16,"column":48}},"type":"default-arg","locations":[{"start":{"line":16,"column":46},"end":{"line":16,"column":48}}],"line":16},"6":{"loc":{"start":{"line":17,"column":4},"end":{"line":17,"column":null}},"type":"if","locations":[{"start":{"line":17,"column":4},"end":{"line":17,"column":null}},{"start":{},"end":{}}],"line":17},"7":{"loc":{"start":{"line":18,"column":4},"end":{"line":18,"column":null}},"type":"if","locations":[{"start":{"line":18,"column":4},"end":{"line":18,"column":null}},{"start":{},"end":{}}],"line":18},"8":{"loc":{"start":{"line":19,"column":4},"end":{"line":19,"column":null}},"type":"if","locations":[{"start":{"line":19,"column":4},"end":{"line":19,"column":null}},{"start":{},"end":{}}],"line":19},"9":{"loc":{"start":{"line":20,"column":4},"end":{"line":20,"column":null}},"type":"if","locations":[{"start":{"line":20,"column":4},"end":{"line":20,"column":null}},{"start":{},"end":{}}],"line":20},"10":{"loc":{"start":{"line":21,"column":4},"end":{"line":21,"column":null}},"type":"if","locations":[{"start":{"line":21,"column":4},"end":{"line":21,"column":null}},{"start":{},"end":{}}],"line":21},"11":{"loc":{"start":{"line":22,"column":4},"end":{"line":22,"column":null}},"type":"if","locations":[{"start":{"line":22,"column":4},"end":{"line":22,"column":null}},{"start":{},"end":{}}],"line":22},"12":{"loc":{"start":{"line":23,"column":4},"end":{"line":23,"column":null}},"type":"if","locations":[{"start":{"line":23,"column":4},"end":{"line":23,"column":null}},{"start":{},"end":{}}],"line":23}},"s":{"0":6,"1":2,"2":4,"3":33,"4":3,"5":30,"6":1,"7":29,"8":5,"9":24,"10":24,"11":30,"12":10,"13":14,"14":18,"15":1,"16":17,"17":17,"18":15,"19":15,"20":13,"21":2,"22":11,"23":5,"24":6,"25":2,"26":4,"27":4,"28":2},"f":{"0":6,"1":33,"2":18},"b":{"0":[2,4],"1":[3,30],"2":[1,29],"3":[5,24],"4":[10,20],"5":[18],"6":[1,17],"7":[2,15],"8":[2,13],"9":[2,11],"10":[5,6],"11":[2,4],"12":[2,2]},"meta":{"lastBranch":13,"lastFunction":3,"lastStatement":29,"seen":{"f:1:16:1:29":0,"b:2:4:2:Infinity:undefined:undefined:undefined:undefined":0,"s:2:4:2:Infinity":0,"s:2:49:2:Infinity":1,"s:3:4:3:Infinity":2,"f:6:16:6:23":1,"b:7:4:7:Infinity:undefined:undefined:undefined:undefined":1,"s:7:4:7:Infinity":3,"s:7:33:7:Infinity":4,"b:8:4:8:Infinity:undefined:undefined:undefined:undefined":2,"s:8:4:8:Infinity":5,"s:8:32:8:Infinity":6,"b:9:4:9:Infinity:undefined:undefined:undefined:undefined":3,"s:9:4:9:Infinity":7,"s:9:18:9:Infinity":8,"s:10:4:12:Infinity":9,"s:10:17:10:18":10,"b:11:8:11:Infinity:undefined:undefined:undefined:undefined":4,"s:11:8:11:Infinity":11,"s:11:27:11:Infinity":12,"s:13:4:13:Infinity":13,"f:16:16:16:28":2,"b:16:46:16:48":5,"b:17:4:17:Infinity:undefined:undefined:undefined:undefined":6,"s:17:4:17:Infinity":14,"s:17:36:17:Infinity":15,"b:18:4:18:Infinity:undefined:undefined:undefined:undefined":7,"s:18:4:18:Infinity":16,"s:18:36:18:Infinity":17,"b:19:4:19:Infinity:undefined:undefined:undefined:undefined":8,"s:19:4:19:Infinity":18,"s:19:21:19:Infinity":19,"b:20:4:20:Infinity:undefined:undefined:undefined:undefined":9,"s:20:4:20:Infinity":20,"s:20:35:20:Infinity":21,"b:21:4:21:Infinity:undefined:undefined:undefined:undefined":10,"s:21:4:21:Infinity":22,"s:21:21:21:Infinity":23,"b:22:4:22:Infinity:undefined:undefined:undefined:undefined":11,"s:22:4:22:Infinity":24,"s:22:21:22:Infinity":25,"b:23:4:23:Infinity:undefined:undefined:undefined:undefined":12,"s:23:4:23:Infinity":26,"s:23:22:23:Infinity":27,"s:24:4:24:Infinity":28}}}
}
